<?xml version="1.0" encoding="UTF-8"?>
<testng-results ignored="0" total="1" passed="1" failed="0" skipped="0">
  <reporter-output>
  </reporter-output>
  <suite started-at="2024-05-21T23:58:24 IST" name="Default suite" finished-at="2024-05-21T23:58:29 IST" duration-ms="4927">
    <groups>
    </groups>
    <test started-at="2024-05-21T23:58:24 IST" name="Default test" finished-at="2024-05-21T23:58:29 IST" duration-ms="4927">
      <class name="TestCases.TC_001_LoginPage">
        <test-method is-config="true" signature="setup()[pri:0, instance:TestCases.TC_001_LoginPage@9597028]" started-at="2024-05-21T23:58:24 IST" name="setup" finished-at="2024-05-21T23:58:26 IST" duration-ms="1076" status="PASS">
          <reporter-output>
          </reporter-output>
        </test-method> <!-- setup -->
        <test-method signature="LoginTest()[pri:0, instance:TestCases.TC_001_LoginPage@9597028]" started-at="2024-05-21T23:58:26 IST" name="LoginTest" finished-at="2024-05-21T23:58:29 IST" duration-ms="3741" status="PASS">
          <reporter-output>
          </reporter-output>
        </test-method> <!-- LoginTest -->
        <test-method is-config="true" signature="teardown()[pri:0, instance:TestCases.TC_001_LoginPage@9597028]" started-at="2024-05-21T23:58:29 IST" name="teardown" finished-at="2024-05-21T23:58:29 IST" duration-ms="95" status="PASS">
          <reporter-output>
          </reporter-output>
        </test-method> <!-- teardown -->
      </class> <!-- TestCases.TC_001_LoginPage -->
    </test> <!-- Default test -->
  </suite> <!-- Default suite -->
</testng-results>
